[debug] [2025-07-09T21:56:13.010Z] ----------------------------------------------------------------------
[debug] [2025-07-09T21:56:13.013Z] Command:       C:\Program Files\nodejs\node.exe C:\Users\Dell\AppData\Roaming\npm\node_modules\firebase-tools\lib\bin\firebase.js init
[debug] [2025-07-09T21:56:13.014Z] CLI Version:   14.9.0
[debug] [2025-07-09T21:56:13.014Z] Platform:      win32
[debug] [2025-07-09T21:56:13.014Z] Node Version:  v20.16.0
[debug] [2025-07-09T21:56:13.014Z] Time:          Wed Jul 09 2025 23:56:13 GMT+0200 (heure d’été d’Europe centrale)
[debug] [2025-07-09T21:56:13.014Z] ----------------------------------------------------------------------
[debug] 
[debug] [2025-07-09T21:56:13.025Z] > command requires scopes: ["email","openid","https://www.googleapis.com/auth/cloudplatformprojects.readonly","https://www.googleapis.com/auth/firebase","https://www.googleapis.com/auth/cloud-platform"]
[debug] [2025-07-09T21:56:13.026Z] > authorizing via signed-in user (deboudtquentin@gmail.com)
[info] 
     ######## #### ########  ######## ########     ###     ######  ########
     ##        ##  ##     ## ##       ##     ##  ##   ##  ##       ##
     ######    ##  ########  ######   ########  #########  ######  ######
     ##        ##  ##    ##  ##       ##     ## ##     ##       ## ##
     ##       #### ##     ## ######## ########  ##     ##  ######  ########

You're about to initialize a Firebase project in this directory:

  C:\Users\Dell\Desktop\code\vue.js\tamplate-web-site\mon-site-vitrine

[info] 
=== Project Setup
[info] 
[info] First, let's associate this project directory with a Firebase project.
[info] You can create multiple project aliases by running firebase use --add, 
[info] but for now we'll just set up a default project.
[info] 
[debug] [2025-07-09T21:56:42.542Z] Checked if tokens are valid: false, expires at: 1752063112042
[debug] [2025-07-09T21:56:42.543Z] Checked if tokens are valid: false, expires at: 1752063112042
[debug] [2025-07-09T21:56:42.543Z] > refreshing access token with scopes: []
[debug] [2025-07-09T21:56:42.545Z] >>> [apiv2][query] POST https://www.googleapis.com/oauth2/v3/token [none]
[debug] [2025-07-09T21:56:42.545Z] >>> [apiv2][body] POST https://www.googleapis.com/oauth2/v3/token [omitted]
[debug] [2025-07-09T21:56:42.705Z] <<< [apiv2][status] POST https://www.googleapis.com/oauth2/v3/token 200
[debug] [2025-07-09T21:56:42.705Z] <<< [apiv2][body] POST https://www.googleapis.com/oauth2/v3/token [omitted]
[debug] [2025-07-09T21:56:42.715Z] >>> [apiv2][query] GET https://firebase.googleapis.com/v1beta1/projects pageSize=100
[debug] [2025-07-09T21:56:43.109Z] <<< [apiv2][status] GET https://firebase.googleapis.com/v1beta1/projects 200
[debug] [2025-07-09T21:56:43.109Z] <<< [apiv2][body] GET https://firebase.googleapis.com/v1beta1/projects [omitted]
[info] i  Using project pizza-artisanale-bio (pizza Artisanale Bio) 
[info] 
=== Hosting Setup
[debug] [2025-07-09T21:56:49.982Z] Checked if tokens are valid: true, expires at: 1752101801705
[debug] [2025-07-09T21:56:49.982Z] Checked if tokens are valid: true, expires at: 1752101801705
[debug] [2025-07-09T21:56:49.982Z] >>> [apiv2][query] GET https://firebase.googleapis.com/v1beta1/projects/pizza-artisanale-bio [none]
[debug] [2025-07-09T21:56:50.226Z] <<< [apiv2][status] GET https://firebase.googleapis.com/v1beta1/projects/pizza-artisanale-bio 200
[debug] [2025-07-09T21:56:50.226Z] <<< [apiv2][body] GET https://firebase.googleapis.com/v1beta1/projects/pizza-artisanale-bio {"projectId":"pizza-artisanale-bio","projectNumber":"364046769411","displayName":"pizza Artisanale Bio","name":"projects/pizza-artisanale-bio","resources":{"hostingSite":"pizza-artisanale-bio"},"state":"ACTIVE","etag":"1_28172417-6b4a-466f-9013-b05678bc7e71"}
[info] 
[info] Your public directory is the folder (relative to your project directory) that
[info] will contain Hosting assets to be uploaded with firebase deploy. If you
[info] have a build process for your assets, use your build's output directory.
[info] 
[debug] [2025-07-09T21:57:06.706Z] >>> [apiv2][query] GET https://www.gstatic.com/firebasejs/releases.json [none]
[debug] [2025-07-09T21:57:06.773Z] <<< [apiv2][status] GET https://www.gstatic.com/firebasejs/releases.json 200
[debug] [2025-07-09T21:57:06.773Z] <<< [apiv2][body] GET https://www.gstatic.com/firebasejs/releases.json {"current":{"version":"11.10.0","browserURL":"https://www.gstatic.com/firebasejs/11.10.0/firebase.js","packageURL":"https://www.gstatic.com/firebasejs/11.10.0/firebase.tgz"},"live":{"version":"11.10","browserURL":"https://www.gstatic.com/firebasejs/live/11.10/firebase.js","packageURL":"https://www.gstatic.com/firebasejs/live/11.10/firebase.tgz"},"components":{"ai":"https://www.gstatic.com/firebasejs/11.10.0/firebase-ai.js","analytics":"https://www.gstatic.com/firebasejs/11.10.0/firebase-analytics.js","app":"https://www.gstatic.com/firebasejs/11.10.0/firebase-app.js","app-check":"https://www.gstatic.com/firebasejs/11.10.0/firebase-app-check.js","auth":"https://www.gstatic.com/firebasejs/11.10.0/firebase-auth.js","auth/cordova":"https://www.gstatic.com/firebasejs/11.10.0/firebase-auth/cordova.js","auth/web-extension":"https://www.gstatic.com/firebasejs/11.10.0/firebase-auth/web-extension.js","functions":"https://www.gstatic.com/firebasejs/11.10.0/firebase-functions.js","firestore":"https://www.gstatic.com/firebasejs/11.10.0/firebase-firestore.js","firestore/lite":"https://www.gstatic.com/firebasejs/11.10.0/firebase-firestore/lite.js","installations":"https://www.gstatic.com/firebasejs/11.10.0/firebase-installations.js","storage":"https://www.gstatic.com/firebasejs/11.10.0/firebase-storage.js","performance":"https://www.gstatic.com/firebasejs/11.10.0/firebase-performance.js","remote-config":"https://www.gstatic.com/firebasejs/11.10.0/firebase-remote-config.js","messaging":"https://www.gstatic.com/firebasejs/11.10.0/firebase-messaging.js","messaging/sw":"https://www.gstatic.com/firebasejs/11.10.0/firebase-messaging/sw.js","database":"https://www.gstatic.com/firebasejs/11.10.0/firebase-database.js","vertexai":"https://www.gstatic.com/firebasejs/11.10.0/firebase-vertexai.js","data-connect":"https://www.gstatic.com/firebasejs/11.10.0/firebase-data-connect.js","firestore.memory":"https://www.gstatic.com/firebasejs/11.10.0/firebase-firestore.memory.js"}}
[info] +  Wrote n/index.html 
[info] 
[info] i  Detected a .git folder at C:\Users\Dell\Desktop\code\vue.js\tamplate-web-site\mon-site-vitrine 
[info] i  Authorizing with GitHub to upload your service account to a GitHub repository's secrets store. 
[info] 
[info] Visit this URL on this device to log in:
[info] https://github.com/login/oauth/authorize?client_id=89cf50f02ac6aaed3484&state=908036773&redirect_uri=http%3A%2F%2Flocalhost%3A9005&scope=read%3Auser%20repo%20public_repo
[info] 
[info] Waiting for authentication...
[debug] [2025-07-09T21:57:15.011Z] >>> [apiv2][query] POST https://github.com/login/oauth/access_token [none]
[debug] [2025-07-09T21:57:15.012Z] >>> [apiv2][body] POST https://github.com/login/oauth/access_token [stream]
[debug] [2025-07-09T21:57:15.308Z] <<< [apiv2][status] POST https://github.com/login/oauth/access_token 200
[debug] [2025-07-09T21:57:15.308Z] <<< [apiv2][body] POST https://github.com/login/oauth/access_token {"access_token":"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","token_type":"bearer","scope":"read:user,repo"}
[debug] [2025-07-09T21:57:15.314Z] >>> [apiv2][query] GET https://api.github.com/user [none]
[debug] [2025-07-09T21:57:15.625Z] <<< [apiv2][status] GET https://api.github.com/user 200
[debug] [2025-07-09T21:57:15.625Z] <<< [apiv2][body] GET https://api.github.com/user {"login":"quentinDeboudt","id":100696357,"node_id":"U_kgDOBgCBJQ","avatar_url":"https://avatars.githubusercontent.com/u/100696357?v=4","gravatar_id":"","url":"https://api.github.com/users/quentinDeboudt","html_url":"https://github.com/quentinDeboudt","followers_url":"https://api.github.com/users/quentinDeboudt/followers","following_url":"https://api.github.com/users/quentinDeboudt/following{/other_user}","gists_url":"https://api.github.com/users/quentinDeboudt/gists{/gist_id}","starred_url":"https://api.github.com/users/quentinDeboudt/starred{/owner}{/repo}","subscriptions_url":"https://api.github.com/users/quentinDeboudt/subscriptions","organizations_url":"https://api.github.com/users/quentinDeboudt/orgs","repos_url":"https://api.github.com/users/quentinDeboudt/repos","events_url":"https://api.github.com/users/quentinDeboudt/events{/privacy}","received_events_url":"https://api.github.com/users/quentinDeboudt/received_events","type":"User","user_view_type":"private","site_admin":false,"name":"deboudt Quentin","company":null,"blog":"https://quentindeboudt.shop","location":"Rennes","email":null,"hireable":null,"bio":"Concepteur Développeur d'Application (Bac+4)","twitter_username":null,"notification_email":null,"public_repos":5,"public_gists":0,"followers":0,"following":2,"created_at":"2022-03-01T13:13:04Z","updated_at":"2025-07-09T01:54:10Z","private_gists":0,"total_private_repos":5,"owned_private_repos":5,"disk_usage":57347,"collaborators":3,"two_factor_authentication":false,"plan":{"name":"free","space":976562499,"collaborators":0,"private_repos":10000}}
[info] 
[info] +  Success! Logged into GitHub as quentinDeboudt 
[info] 
[debug] [2025-07-09T21:59:03.541Z] ExitPromptError: User force closed the prompt with SIGINT
    at Interface.sigint (C:\Users\Dell\AppData\Roaming\npm\node_modules\firebase-tools\node_modules\@inquirer\core\dist\commonjs\lib\create-prompt.js:101:37)
    at Interface.emit (node:events:519:28)
    at Interface.emit (node:domain:488:12)
    at [_ttyWrite] [as _ttyWrite] (node:internal/readline/interface:1126:18)
    at ReadStream.onkeypress (node:internal/readline/interface:265:20)
    at ReadStream.emit (node:events:531:35)
    at ReadStream.emit (node:domain:488:12)
    at emitKeys (node:internal/readline/utils:371:14)
    at emitKeys.next (<anonymous>)
    at ReadStream.onData (node:internal/readline/emitKeypressEvents:64:36)
[error] 
[error] Error: An unexpected error has occurred.
